<?xml version="1.0" encoding="UTF-8"?>
<!-- Generated by org.testng.reporters.JUnitReportReporter -->
<testsuite hostname="DESKTOP-DTBN5AF" failures="0" tests="3" name="ActitimeTest.TestNGClass" time="12.930" errors="0" timestamp="2022-02-08T15:03:51 IST" skipped="1">
  <testcase classname="ActitimeTest.TestNGClass" name="createNewTask" time="10.528"/>
  <system-out/>
  <testcase classname="ActitimeTest.TestNGClass" name="enterTimeTrackPage" time="2.402"/>
  <system-out/>
  <testcase classname="ActitimeTest.TestNGClass" name="setDeadlineforOpenTask">
    <skipped/>
  </testcase> <!-- setDeadlineforOpenTask -->
  <system-out/>
</testsuite> <!-- ActitimeTest.TestNGClass -->
